<?xml version="1.0" encoding="UTF-8"?>
<!-- Generated by org.testng.reporters.JUnitReportReporter -->
<testsuite hostname="shirazum" failures="0" tests="1" name="pages.HomePageTest" time="10.581" errors="0" timestamp="2024-02-13T20:55:06 EST" skipped="0">
  <testcase classname="pages.HomePageTest" name="clickSearchFieldTest" time="10.581"/>
</testsuite> <!-- pages.HomePageTest -->
